Listening for transport dt_socket at address: 52162
{"logLevel":"debug","message":"multithreading is set to false"}
{"logLevel":"debug","message":"Using reflection to scan dependencies for gauge implementations..."}
SLF4J: Failed to load class "org.slf4j.impl.StaticLoggerBinder".
SLF4J: Defaulting to no-operation (NOP) logger implementation
SLF4J: See http://www.slf4j.org/codes.html#StaticLoggerBinder for further details.
{"logLevel":"debug","message":"gauge-java took 1274milliseconds to load and scan. This should be less than 'runner_connection_timeout' config value."}
{"logLevel":"debug","message":"run 'gauge config runner_connection_timeout' and verify that it is < 1274"}
{"logLevel":"debug","message":"starting gRPC server..."}
{"logLevel":"debug","message":"started gRPC server on port 52198"}
{"logLevel":"info","message":"Listening on port:52198"}
{"logLevel":"debug","message":"Scanning packages for steps"}
{"logLevel":"debug","message":"Comparing 'Steps.HomePageSteps.GoToWebSite' and 'Steps.HomePageSteps.GoToWebSite'"}
{"logLevel":"debug","message":"Found {} sitesine giriş yapilir in current project scope."}
{"logLevel":"debug","message":"Comparing 'Steps.ProductDetailSteps.AddToCartProduct' and 'Steps.ProductDetailSteps.AddToCartProduct'"}
{"logLevel":"debug","message":"Found Urun sepete eklenir in current project scope."}
{"logLevel":"debug","message":"Comparing 'Steps.LoginPageSteps.SetEmailAddress' and 'Steps.LoginPageSteps.SetEmailAddress'"}
{"logLevel":"debug","message":"Found {} email adresi yazilir in current project scope."}
{"logLevel":"debug","message":"Comparing 'Steps.ProductDetailSteps.SelectProductSize' and 'Steps.ProductDetailSteps.SelectProductSize'"}
{"logLevel":"debug","message":"Found Urun bedeni secilir in current project scope."}
{"logLevel":"debug","message":"Comparing 'Steps.LoginPageSteps.ClickToLoginButton' and 'Steps.LoginPageSteps.ClickToLoginButton'"}
{"logLevel":"debug","message":"Found Login sayfasinda Giris Yap butonuna tiklanir in current project scope."}
{"logLevel":"debug","message":"Comparing 'Steps.HomePageSteps.CheckLoginProcess' and 'Steps.HomePageSteps.CheckLoginProcess'"}
{"logLevel":"debug","message":"Found Kullanicinin login oldugu gorulur in current project scope."}
{"logLevel":"debug","message":"Comparing 'Steps.ProductPageSteps.ScrollToEndOfThePage' and 'Steps.ProductPageSteps.ScrollToEndOfThePage'"}
{"logLevel":"debug","message":"Found Sayfanin sonuna scroll edilir in current project scope."}
{"logLevel":"debug","message":"Comparing 'Steps.HomePageSteps.SetProductNameToSearchBar' and 'Steps.HomePageSteps.SetProductNameToSearchBar'"}
{"logLevel":"debug","message":"Found {} urunu aratilir in current project scope."}
{"logLevel":"debug","message":"Comparing 'Steps.HomePageSteps.ClickToLoginButton' and 'Steps.HomePageSteps.ClickToLoginButton'"}
{"logLevel":"debug","message":"Found Giris yap butonuna tiklanir in current project scope."}
{"logLevel":"debug","message":"Comparing 'Steps.MyCartSteps.checkProductPrices' and 'Steps.MyCartSteps.checkProductPrices'"}
{"logLevel":"debug","message":"Found Urun fiyatinin sepet fiyati ile aynı oldugu gorulur in current project scope."}
{"logLevel":"debug","message":"Comparing 'Steps.ProductPageSteps.selectRandomProduct' and 'Steps.ProductPageSteps.selectRandomProduct'"}
{"logLevel":"debug","message":"Found Rastgele bir urun secilir in current project scope."}
{"logLevel":"debug","message":"Comparing 'Steps.LoginPageSteps.SetPassword' and 'Steps.LoginPageSteps.SetPassword'"}
{"logLevel":"debug","message":"Found {} şifre yazilir in current project scope."}
{"logLevel":"debug","message":"Comparing 'Steps.HomePageSteps.CheckHomePageIsOpen' and 'Steps.HomePageSteps.CheckHomePageIsOpen'"}
{"logLevel":"debug","message":"Found Anasayfanin acildigi gorulur in current project scope."}
{"logLevel":"debug","message":"Comparing 'Steps.ProductPageSteps.ClickToSeeMoreProduct' and 'Steps.ProductPageSteps.ClickToSeeMoreProduct'"}
{"logLevel":"debug","message":"Found Daha fazla urun gor butonuna tiklanir in current project scope."}
{"logLevel":"debug","message":"Comparing 'Steps.ProductDetailSteps.ClickToMyCartButton' and 'Steps.ProductDetailSteps.ClickToMyCartButton'"}
{"logLevel":"debug","message":"Found Sepetim butonuna tiklanir in current project scope."}
{"logLevel":"debug","message":"Scanning packages for hooks"}
{"logLevel":"debug","message":"Scanned steps (using static parsing + reflections): "}
{"logLevel":"debug","message":"\tSayfanin sonuna scroll edilir : public void ScrollToEndOfThePage() throws InterruptedException"}
{"logLevel":"debug","message":"\t{} sitesine giriş yapilir : public void GoToWebSite(String url)"}
{"logLevel":"debug","message":"\t{} şifre yazilir : public void SetPassword(String password)"}
{"logLevel":"debug","message":"\tKullanicinin login oldugu gorulur : public void CheckLoginProcess()"}
{"logLevel":"debug","message":"\tAnasayfanin acildigi gorulur : public void CheckHomePageIsOpen()"}
{"logLevel":"debug","message":"\tGiris yap butonuna tiklanir : public void ClickToLoginButton()"}
{"logLevel":"debug","message":"\tUrun bedeni secilir : public void SelectProductSize() throws InterruptedException"}
{"logLevel":"debug","message":"\tLogin sayfasinda Giris Yap butonuna tiklanir : public void ClickToLoginButton()"}
{"logLevel":"debug","message":"\tRastgele bir urun secilir : public void selectRandomProduct() throws InterruptedException"}
{"logLevel":"debug","message":"\tDaha fazla urun gor butonuna tiklanir : public void ClickToSeeMoreProduct()"}
{"logLevel":"debug","message":"\t{} urunu aratilir : public void SetProductNameToSearchBar(String productName)"}
{"logLevel":"debug","message":"\tUrun fiyatinin sepet fiyati ile aynı oldugu gorulur : public void checkProductPrices()"}
{"logLevel":"debug","message":"\tSepetim butonuna tiklanir : public void ClickToMyCartButton()"}
{"logLevel":"debug","message":"\tUrun sepete eklenir : public void AddToCartProduct() throws InterruptedException"}
{"logLevel":"debug","message":"\t{} email adresi yazilir : public void SetEmailAddress(String emailAddress)"}
Starting ChromeDriver 95.0.4638.17 (a9d0719444d4b035e284ed1fce73bf6ccd789df2-refs/branch-heads/4638@{#178}) on port 23384
Only local connections are allowed.
Please see https://chromedriver.chromium.org/security-considerations for suggestions on keeping ChromeDriver safe.
ChromeDriver was started successfully.
Eki 22, 2021 11:40:34 PM org.openqa.selenium.remote.ProtocolHandshake createSession
INFO: Detected dialect: W3C
{"logLevel":"debug","message":"Executing '{} sitesine giriş yapilir' using 'class Steps.HomePageSteps.GoToWebSite"}
{"logLevel":"debug","message":"Executing 'Anasayfanin acildigi gorulur' using 'class Steps.HomePageSteps.CheckHomePageIsOpen"}
{"logLevel":"debug","message":"Executing 'Giris yap butonuna tiklanir' using 'class Steps.HomePageSteps.ClickToLoginButton"}
{"logLevel":"debug","message":"Executing '{} email adresi yazilir' using 'class Steps.LoginPageSteps.SetEmailAddress"}
{"logLevel":"debug","message":"Executing '{} şifre yazilir' using 'class Steps.LoginPageSteps.SetPassword"}
{"logLevel":"debug","message":"Executing 'Login sayfasinda Giris Yap butonuna tiklanir' using 'class Steps.LoginPageSteps.ClickToLoginButton"}
{"logLevel":"debug","message":"Executing 'Kullanicinin login oldugu gorulur' using 'class Steps.HomePageSteps.CheckLoginProcess"}
{"logLevel":"debug","message":"Executing '{} urunu aratilir' using 'class Steps.HomePageSteps.SetProductNameToSearchBar"}
{"logLevel":"debug","message":"Executing 'Sayfanin sonuna scroll edilir' using 'class Steps.ProductPageSteps.ScrollToEndOfThePage"}
{"logLevel":"debug","message":"Executing 'Daha fazla urun gor butonuna tiklanir' using 'class Steps.ProductPageSteps.ClickToSeeMoreProduct"}
{"logLevel":"debug","message":"Executing 'Rastgele bir urun secilir' using 'class Steps.ProductPageSteps.selectRandomProduct"}
{"logLevel":"debug","message":"Executing 'Urun bedeni secilir' using 'class Steps.ProductDetailSteps.SelectProductSize"}
{"logLevel":"debug","message":"Killing Java runner..."}
{"logLevel":"debug","message":"Stopping execution pool..."}
{"logLevel":"debug","message":"Shutting down grpc server..."}
{"logLevel":"debug","message":"Runner killed gracefully."}
